<?xml version="1.0" encoding="UTF-8"?>
<testng-results skipped="0" failed="0" total="2" passed="2">
  <reporter-output>
  </reporter-output>
  <suite name="Suite" duration-ms="62233" started-at="2020-05-13T15:39:59Z" finished-at="2020-05-13T15:41:02Z">
    <groups>
    </groups>
    <test name="Test" duration-ms="62233" started-at="2020-05-13T15:39:59Z" finished-at="2020-05-13T15:41:02Z">
      <class name="mobile.E2EAppiumAutomation.ecom_t1">
        <test-method status="PASS" signature="totalValidation(java.lang.String)[pri:0, instance:mobile.E2EAppiumAutomation.ecom_t1@8bd1b6a]" name="totalValidation" duration-ms="31140" started-at="2020-05-13T11:39:59Z" data-provider="InputData" finished-at="2020-05-13T11:40:30Z">
          <params>
            <param index="0">
              <value>
                <![CDATA[Omer]]>
              </value>
            </param>
          </params>
          <reporter-output>
          </reporter-output>
        </test-method> <!-- totalValidation -->
        <test-method status="PASS" signature="totalValidation(java.lang.String)[pri:0, instance:mobile.E2EAppiumAutomation.ecom_t1@8bd1b6a]" name="totalValidation" duration-ms="31081" started-at="2020-05-13T11:40:30Z" data-provider="InputData" finished-at="2020-05-13T11:41:02Z">
          <params>
            <param index="0">
              <value>
                <![CDATA[!@#]]>
              </value>
            </param>
          </params>
          <reporter-output>
          </reporter-output>
        </test-method> <!-- totalValidation -->
      </class> <!-- mobile.E2EAppiumAutomation.ecom_t1 -->
    </test> <!-- Test -->
  </suite> <!-- Suite -->
</testng-results>
