<?xml version="1.0" encoding="UTF-8"?>
<testng-results skipped="0" failed="0" total="1" passed="1">
  <reporter-output>
  </reporter-output>
  <suite name="Default suite" duration-ms="45546" started-at="2020-05-19T15:44:14Z" finished-at="2020-05-19T15:44:59Z">
    <groups>
    </groups>
    <test name="Default test" duration-ms="45546" started-at="2020-05-19T15:44:14Z" finished-at="2020-05-19T15:44:59Z">
      <class name="mobile.E2EAppiumAutomation.ecom_t2">
        <test-method status="PASS" signature="totalValidation(java.lang.String, java.lang.String, java.lang.String, java.lang.String)[pri:0, instance:mobile.E2EAppiumAutomation.ecom_t2@1e67b872]" name="totalValidation" duration-ms="45527" started-at="2020-05-19T11:44:14Z" data-provider="TillCheckout" finished-at="2020-05-19T11:44:59Z">
          <params>
            <param index="0">
              <value>
                <![CDATA[Omer]]>
              </value>
            </param>
            <param index="1">
              <value>
                <![CDATA[Argentina]]>
              </value>
            </param>
            <param index="2">
              <value>
                <![CDATA[Male]]>
              </value>
            </param>
            <param index="3">
              <value>
                <![CDATA[Jordan 6 Rings]]>
              </value>
            </param>
          </params>
          <reporter-output>
          </reporter-output>
        </test-method> <!-- totalValidation -->
      </class> <!-- mobile.E2EAppiumAutomation.ecom_t2 -->
    </test> <!-- Default test -->
  </suite> <!-- Default suite -->
</testng-results>
