<?xml version="1.0" encoding="UTF-8"?>
<testng-results skipped="0" failed="0" total="2" passed="2">
  <reporter-output>
  </reporter-output>
  <suite name="Default suite" duration-ms="63234" started-at="2020-05-14T19:41:56Z" finished-at="2020-05-14T19:42:59Z">
    <groups>
    </groups>
    <test name="Default test" duration-ms="63234" started-at="2020-05-14T19:41:56Z" finished-at="2020-05-14T19:42:59Z">
      <class name="mobile.E2EAppiumAutomation.ecom_t1">
        <test-method status="PASS" signature="totalValidation(java.lang.String)[pri:0, instance:mobile.E2EAppiumAutomation.ecom_t1@1e67b872]" name="totalValidation" duration-ms="30789" started-at="2020-05-14T15:41:56Z" data-provider="InputData" finished-at="2020-05-14T15:42:26Z">
          <params>
            <param index="0">
              <value>
                <![CDATA[Omer]]>
              </value>
            </param>
          </params>
          <reporter-output>
          </reporter-output>
        </test-method> <!-- totalValidation -->
        <test-method status="PASS" signature="totalValidation(java.lang.String)[pri:0, instance:mobile.E2EAppiumAutomation.ecom_t1@1e67b872]" name="totalValidation" duration-ms="32426" started-at="2020-05-14T15:42:26Z" data-provider="InputData" finished-at="2020-05-14T15:42:59Z">
          <params>
            <param index="0">
              <value>
                <![CDATA[!@#]]>
              </value>
            </param>
          </params>
          <reporter-output>
          </reporter-output>
        </test-method> <!-- totalValidation -->
      </class> <!-- mobile.E2EAppiumAutomation.ecom_t1 -->
    </test> <!-- Default test -->
  </suite> <!-- Default suite -->
</testng-results>
